{"name": "Проверка перехода по клику на «История заказов»", "status": "broken", "statusDetails": {"message": "selenium.common.exceptions.TimeoutException: Message: \nStacktrace:\n\tGetHandleVerifier [0x00007FF74EE1E1F5+2972373]\n\t(No symbol) [0x00007FF74EAB55F0]\n\t(No symbol) [0x00007FF74E9557FA]\n\t(No symbol) [0x00007FF74E9A5A3E]\n\t(No symbol) [0x00007FF74E9A5D2C]\n\t(No symbol) [0x00007FF74E9EEAB7]\n\t(No symbol) [0x00007FF74E9CBABF]\n\t(No symbol) [0x00007FF74E9EB8CC]\n\t(No symbol) [0x00007FF74E9CB823]\n\t(No symbol) [0x00007FF74E9975E8]\n\t(No symbol) [0x00007FF74E998751]\n\tGetHandleVerifier [0x00007FF74EE447BD+3129501]\n\tGetHandleVerifier [0x00007FF74EE94D00+3458528]\n\tGetHandleVerifier [0x00007FF74EE8B05D+3418429]\n\tGetHandleVerifier [0x00007FF74EC1687B+844123]\n\t(No symbol) [0x00007FF74EAC0AFF]\n\t(No symbol) [0x00007FF74EABC6D4]\n\t(No symbol) [0x00007FF74EABC86D]\n\t(No symbol) [0x00007FF74EAABD79]\n\tBaseThreadInitThunk [0x00007FFD1389257D+29]\n\tRtlUserThreadStart [0x00007FFD1444AF08+40]", "trace": "self = <test_account_page.TestAccountPage object at 0x00000162C4A48AD0>, driver = <selenium.webdriver.chrome.webdriver.WebDriver (session=\"99325464a042761aadc0411ec81afee1\")>, set_user_tokens = None\ncreate_user_and_order_and_delete = ('Bearer eyJhbGciOiJIUzI1NiIsInR5cCI6IkpXVCJ9.eyJpZCI6IjY3MTUwM2QxOWVkMjgwMDAxYjRlOWE4NiIsImlhdCI6MTcyOTQzMDQ4MSwiZXhwIjoxNzI5NDMxNjgxfQ.eNTpkPIHKc7GLWkD52eZqXDsBb8pNE19ECZjRU37AMU', <Response [200]>)\n\n    @allure.title('Проверка перехода по клику на «История заказов»')\n    def test_navigate_to_order_history_page_success(self, driver, set_user_tokens, create_user_and_order_and_delete):\n        main_page = MainPage(driver)\n        account_page = AccountPage(driver)\n        order_history_page = OrderHistoryPage(driver)\n        main_page.wait_for_the_personal_account_button_to_load()\n        main_page.click_on_personal_account_in_header()\n        account_page.wait_visibility_of_description()\n        account_page.click_on_order_history_button()\n>       order_history_page.wait_visibility_of_order_card()\n\ntests\\test_account_page.py:27: \n_ _ _ _ _ _ _ _ _ _ _ _ _ _ _ _ _ _ _ _ _ _ _ _ _ _ _ _ _ _ _ _ _ _ _ _ _ _ _ _ _ _ _ _ _ _ _ _ _ _ _ _ _ _ _ _ _ _ _ _ _ _ _ _ _ _ _ _ _ _ _ _ _ _ _ _ _ _ _ _ _ _ _ _ _ _ _ _ _ _ _ _ _ _ _ _ _ _ _ _ _ _ _ _ _ _ _ _ _ _ _ _ _ _ _\npage_objects\\order_history_page.py:10: in wait_visibility_of_order_card\n    self.wait_visibility_of_element(OrderHistoryPageLocators.ORDER_CARD)\npage_objects\\base_page.py:14: in wait_visibility_of_element\n    WebDriverWait(self.driver, 10).until(expected_conditions.visibility_of_element_located(locator))\n_ _ _ _ _ _ _ _ _ _ _ _ _ _ _ _ _ _ _ _ _ _ _ _ _ _ _ _ _ _ _ _ _ _ _ _ _ _ _ _ _ _ _ _ _ _ _ _ _ _ _ _ _ _ _ _ _ _ _ _ _ _ _ _ _ _ _ _ _ _ _ _ _ _ _ _ _ _ _ _ _ _ _ _ _ _ _ _ _ _ _ _ _ _ _ _ _ _ _ _ _ _ _ _ _ _ _ _ _ _ _ _ _ _ _\n\nself = <selenium.webdriver.support.wait.WebDriverWait (session=\"99325464a042761aadc0411ec81afee1\")>, method = <function visibility_of_element_located.<locals>._predicate at 0x00000162C4A5E7A0>, message = ''\n\n    def until(self, method: Callable[[D], Union[Literal[False], T]], message: str = \"\") -> T:\n        \"\"\"Calls the method provided with the driver as an argument until the \\\n        return value does not evaluate to ``False``.\n    \n        :param method: callable(WebDriver)\n        :param message: optional message for :exc:`TimeoutException`\n        :returns: the result of the last call to `method`\n        :raises: :exc:`selenium.common.exceptions.TimeoutException` if timeout occurs\n        \"\"\"\n        screen = None\n        stacktrace = None\n    \n        end_time = time.monotonic() + self._timeout\n        while True:\n            try:\n                value = method(self._driver)\n                if value:\n                    return value\n            except self._ignored_exceptions as exc:\n                screen = getattr(exc, \"screen\", None)\n                stacktrace = getattr(exc, \"stacktrace\", None)\n            time.sleep(self._poll)\n            if time.monotonic() > end_time:\n                break\n>       raise TimeoutException(message, screen, stacktrace)\nE       selenium.common.exceptions.TimeoutException: Message: \nE       Stacktrace:\nE       \tGetHandleVerifier [0x00007FF74EE1E1F5+2972373]\nE       \t(No symbol) [0x00007FF74EAB55F0]\nE       \t(No symbol) [0x00007FF74E9557FA]\nE       \t(No symbol) [0x00007FF74E9A5A3E]\nE       \t(No symbol) [0x00007FF74E9A5D2C]\nE       \t(No symbol) [0x00007FF74E9EEAB7]\nE       \t(No symbol) [0x00007FF74E9CBABF]\nE       \t(No symbol) [0x00007FF74E9EB8CC]\nE       \t(No symbol) [0x00007FF74E9CB823]\nE       \t(No symbol) [0x00007FF74E9975E8]\nE       \t(No symbol) [0x00007FF74E998751]\nE       \tGetHandleVerifier [0x00007FF74EE447BD+3129501]\nE       \tGetHandleVerifier [0x00007FF74EE94D00+3458528]\nE       \tGetHandleVerifier [0x00007FF74EE8B05D+3418429]\nE       \tGetHandleVerifier [0x00007FF74EC1687B+844123]\nE       \t(No symbol) [0x00007FF74EAC0AFF]\nE       \t(No symbol) [0x00007FF74EABC6D4]\nE       \t(No symbol) [0x00007FF74EABC86D]\nE       \t(No symbol) [0x00007FF74EAABD79]\nE       \tBaseThreadInitThunk [0x00007FFD1389257D+29]\nE       \tRtlUserThreadStart [0x00007FFD1444AF08+40]\n\nvenv\\Lib\\site-packages\\selenium\\webdriver\\support\\wait.py:105: TimeoutException"}, "steps": [{"name": "Подождать загрузки кнопки \"Личный кабинет\"", "status": "passed", "steps": [{"name": "Подождать прогрузки элемента", "status": "passed", "parameters": [{"name": "locator", "value": "('xpath', '//p[text() = \"Личный Кабинет\"]')"}], "start": 1729430484542, "stop": 1729430484557}], "start": 1729430484542, "stop": 1729430484557}, {"name": "Кликнуть по кнопке  личный кабинет в хэдере", "status": "passed", "steps": [{"name": "Кликнуть на элемент", "status": "passed", "steps": [{"name": "Проверить кликабельность элемента", "status": "passed", "parameters": [{"name": "locator", "value": "('xpath', '//p[text() = \"Личный Кабинет\"]')"}], "start": 1729430484558, "stop": 1729430484576}], "parameters": [{"name": "locator", "value": "('xpath', '//p[text() = \"Личный Кабинет\"]')"}], "start": 1729430484557, "stop": 1729430484849}], "start": 1729430484557, "stop": 1729430484849}, {"name": "Подождать прогрузки текста описания раздела", "status": "passed", "steps": [{"name": "Подождать прогрузки элемента", "status": "passed", "parameters": [{"name": "locator", "value": "('xpath', '//p[contains(@class, \"Account_text\")]')"}], "start": 1729430484849, "stop": 1729430485367}], "start": 1729430484849, "stop": 1729430485367}, {"name": "Кликнуть по кнопке \"История заказов\"", "status": "passed", "steps": [{"name": "Кликнуть на элемент", "status": "passed", "steps": [{"name": "Проверить кликабельность элемента", "status": "passed", "parameters": [{"name": "locator", "value": "('xpath', '//a[@href = \"/account/order-history\"]')"}], "start": 1729430485368, "stop": 1729430485383}], "parameters": [{"name": "locator", "value": "('xpath', '//a[@href = \"/account/order-history\"]')"}], "start": 1729430485367, "stop": 1729430485664}], "start": 1729430485367, "stop": 1729430485664}, {"name": "Подождать прогрузки карточки заказа", "status": "broken", "statusDetails": {"message": "selenium.common.exceptions.TimeoutException: Message: \nStacktrace:\n\tGetHandleVerifier [0x00007FF74EE1E1F5+2972373]\n\t(No symbol) [0x00007FF74EAB55F0]\n\t(No symbol) [0x00007FF74E9557FA]\n\t(No symbol) [0x00007FF74E9A5A3E]\n\t(No symbol) [0x00007FF74E9A5D2C]\n\t(No symbol) [0x00007FF74E9EEAB7]\n\t(No symbol) [0x00007FF74E9CBABF]\n\t(No symbol) [0x00007FF74E9EB8CC]\n\t(No symbol) [0x00007FF74E9CB823]\n\t(No symbol) [0x00007FF74E9975E8]\n\t(No symbol) [0x00007FF74E998751]\n\tGetHandleVerifier [0x00007FF74EE447BD+3129501]\n\tGetHandleVerifier [0x00007FF74EE94D00+3458528]\n\tGetHandleVerifier [0x00007FF74EE8B05D+3418429]\n\tGetHandleVerifier [0x00007FF74EC1687B+844123]\n\t(No symbol) [0x00007FF74EAC0AFF]\n\t(No symbol) [0x00007FF74EABC6D4]\n\t(No symbol) [0x00007FF74EABC86D]\n\t(No symbol) [0x00007FF74EAABD79]\n\tBaseThreadInitThunk [0x00007FFD1389257D+29]\n\tRtlUserThreadStart [0x00007FFD1444AF08+40]\n\n", "trace": "  File \"C:\\Users\\Evgenii\\PycharmProjects\\Diplom_3\\venv\\Lib\\site-packages\\allure_commons\\_allure.py\", line 192, in impl\n    return func(*a, **kw)\n           ^^^^^^^^^^^^^^\n  File \"C:\\Users\\Evgenii\\PycharmProjects\\Diplom_3\\page_objects\\order_history_page.py\", line 10, in wait_visibility_of_order_card\n    self.wait_visibility_of_element(OrderHistoryPageLocators.ORDER_CARD)\n  File \"C:\\Users\\Evgenii\\PycharmProjects\\Diplom_3\\venv\\Lib\\site-packages\\allure_commons\\_allure.py\", line 192, in impl\n    return func(*a, **kw)\n           ^^^^^^^^^^^^^^\n  File \"C:\\Users\\Evgenii\\PycharmProjects\\Diplom_3\\page_objects\\base_page.py\", line 14, in wait_visibility_of_element\n    WebDriverWait(self.driver, 10).until(expected_conditions.visibility_of_element_located(locator))\n  File \"C:\\Users\\Evgenii\\PycharmProjects\\Diplom_3\\venv\\Lib\\site-packages\\selenium\\webdriver\\support\\wait.py\", line 105, in until\n    raise TimeoutException(message, screen, stacktrace)\n"}, "steps": [{"name": "Подождать прогрузки элемента", "status": "broken", "statusDetails": {"message": "selenium.common.exceptions.TimeoutException: Message: \nStacktrace:\n\tGetHandleVerifier [0x00007FF74EE1E1F5+2972373]\n\t(No symbol) [0x00007FF74EAB55F0]\n\t(No symbol) [0x00007FF74E9557FA]\n\t(No symbol) [0x00007FF74E9A5A3E]\n\t(No symbol) [0x00007FF74E9A5D2C]\n\t(No symbol) [0x00007FF74E9EEAB7]\n\t(No symbol) [0x00007FF74E9CBABF]\n\t(No symbol) [0x00007FF74E9EB8CC]\n\t(No symbol) [0x00007FF74E9CB823]\n\t(No symbol) [0x00007FF74E9975E8]\n\t(No symbol) [0x00007FF74E998751]\n\tGetHandleVerifier [0x00007FF74EE447BD+3129501]\n\tGetHandleVerifier [0x00007FF74EE94D00+3458528]\n\tGetHandleVerifier [0x00007FF74EE8B05D+3418429]\n\tGetHandleVerifier [0x00007FF74EC1687B+844123]\n\t(No symbol) [0x00007FF74EAC0AFF]\n\t(No symbol) [0x00007FF74EABC6D4]\n\t(No symbol) [0x00007FF74EABC86D]\n\t(No symbol) [0x00007FF74EAABD79]\n\tBaseThreadInitThunk [0x00007FFD1389257D+29]\n\tRtlUserThreadStart [0x00007FFD1444AF08+40]\n\n", "trace": "  File \"C:\\Users\\Evgenii\\PycharmProjects\\Diplom_3\\venv\\Lib\\site-packages\\allure_commons\\_allure.py\", line 192, in impl\n    return func(*a, **kw)\n           ^^^^^^^^^^^^^^\n  File \"C:\\Users\\Evgenii\\PycharmProjects\\Diplom_3\\page_objects\\base_page.py\", line 14, in wait_visibility_of_element\n    WebDriverWait(self.driver, 10).until(expected_conditions.visibility_of_element_located(locator))\n  File \"C:\\Users\\Evgenii\\PycharmProjects\\Diplom_3\\venv\\Lib\\site-packages\\selenium\\webdriver\\support\\wait.py\", line 105, in until\n    raise TimeoutException(message, screen, stacktrace)\n"}, "parameters": [{"name": "locator", "value": "('xpath', '//*[contains(@class, \"OrderHistory_listItem\")]')"}], "start": 1729430485664, "stop": 1729430495800}], "start": 1729430485664, "stop": 1729430495803}], "parameters": [{"name": "driver", "value": "<class 'selenium.webdriver.chrome.webdriver.WebDriver'>"}], "start": 1729430484542, "stop": 1729430495804, "uuid": "306442cd-25a9-4907-bdde-0276792815f4", "historyId": "4c56cdccf757799f3c78e75a29e087d5", "testCaseId": "fb047496868dde91e40ef197417809b5", "fullName": "tests.test_account_page.TestAccountPage#test_navigate_to_order_history_page_success", "labels": [{"name": "parentSuite", "value": "tests"}, {"name": "suite", "value": "test_account_page"}, {"name": "subSuite", "value": "TestAccountPage"}, {"name": "host", "value": "DESKTOP-I4FH3MC"}, {"name": "thread", "value": "199076-MainThread"}, {"name": "framework", "value": "pytest"}, {"name": "language", "value": "cpython3"}, {"name": "package", "value": "tests.test_account_page"}]}